#
# There is insufficient memory for the Java Runtime Environment to continue.
# Native memory allocation (malloc) failed to allocate 1184816 bytes for Chunk::new
# Possible reasons:
#   The system is out of physical RAM or swap space
#   In 32 bit mode, the process size limit was hit
# Possible solutions:
#   Reduce memory load on the system
#   Increase physical memory or swap space
#   Check if swap backing store is full
#   Use 64 bit Java on a 64 bit OS
#   Decrease Java heap size (-Xmx/-Xms)
#   Decrease number of Java threads
#   Decrease Java thread stack sizes (-Xss)
#   Set larger code cache with -XX:ReservedCodeCacheSize=
# This output file may be truncated or incomplete.
#
#  Out of Memory Error (allocation.cpp:390), pid=2196, tid=0x0000000000000910
#
# JRE version: Java(TM) SE Runtime Environment (8.0_101-b13) (build 1.8.0_101-b13)
# Java VM: Java HotSpot(TM) 64-Bit Server VM (25.101-b13 mixed mode windows-amd64 compressed oops)
# Failed to write core dump. Minidumps are not enabled by default on client versions of Windows
#

---------------  T H R E A D  ---------------

Current thread (0x00000000563b4000):  JavaThread "C2 CompilerThread0" daemon [_thread_in_native, id=2320, stack(0x0000000056aa0000,0x0000000056ba0000)]

Stack: [0x0000000056aa0000,0x0000000056ba0000]
[error occurred during error reporting (printing stack bounds), id 0xc0000005]

Native frames: (J=compiled Java code, j=interpreted, Vv=VM code, C=native code)


Current CompileTask:
C2:   4002 2004   !   4       org.codehaus.plexus.interpolation.StringSearchInterpolator::interpolate (665 bytes)


---------------  P R O C E S S  ---------------

Java Threads: ( => current thread )
  0x0000000056436800 JavaThread "Service Thread" daemon [_thread_blocked, id=1672, stack(0x0000000057150000,0x0000000057250000)]
  0x00000000563b7000 JavaThread "C1 CompilerThread2" daemon [_thread_blocked, id=4848, stack(0x0000000056f10000,0x0000000057010000)]
  0x00000000563b6000 JavaThread "C2 CompilerThread1" daemon [_thread_in_native, id=3352, stack(0x0000000056ce0000,0x0000000056de0000)]
=>0x00000000563b4000 JavaThread "C2 CompilerThread0" daemon [_thread_in_native, id=2320, stack(0x0000000056aa0000,0x0000000056ba0000)]
  0x00000000563ab000 JavaThread "Attach Listener" daemon [_thread_blocked, id=1056, stack(0x0000000056860000,0x0000000056960000)]
  0x000000005509e800 JavaThread "Signal Dispatcher" daemon [_thread_blocked, id=1968, stack(0x0000000056960000,0x0000000056a60000)]
  0x0000000055089000 JavaThread "Finalizer" daemon [_thread_blocked, id=3208, stack(0x0000000055fb0000,0x00000000560b0000)]
  0x0000000055042000 JavaThread "Reference Handler" daemon [_thread_blocked, id=1832, stack(0x00000000562a0000,0x00000000563a0000)]
  0x00000000004bf000 JavaThread "main" [_thread_in_native, id=3764, stack(0x0000000002830000,0x0000000002930000)]

Other Threads:
  0x000000005503a800 VMThread [stack: 0x0000000056130000,0x0000000056230000] [id=492]
  0x000000005646c800 WatcherThread [stack: 0x0000000057010000,0x0000000057110000] [id=2008]

VM state:not at safepoint (normal execution)

VM Mutex/Monitor currently owned by a thread: None

Heap:
 PSYoungGen      total 68096K, used 36423K [0x00000000eb380000, 0x00000000ef880000, 0x0000000100000000)
  eden space 65536K, 51% used [0x00000000eb380000,0x00000000ed497e60,0x00000000ef380000)
  from space 2560K, 99% used [0x00000000ef600000,0x00000000ef87a020,0x00000000ef880000)
  to   space 2560K, 0% used [0x00000000ef380000,0x00000000ef380000,0x00000000ef600000)
 ParOldGen       total 44032K, used 9801K [0x00000000c1a00000, 0x00000000c4500000, 0x00000000eb380000)
  object space 44032K, 22% used [0x00000000c1a00000,0x00000000c23926d8,0x00000000c4500000)
 Metaspace       used 12986K, capacity 13304K, committed 13440K, reserved 1060864K
  class space    used 1537K, capacity 1616K, committed 1664K, reserved 1048576K

Card table byte_map: [0x0000000011cf0000,0x0000000011ef0000] byte_map_base: 0x00000000116e3000

Marking Bits: (ParMarkBitMap*) 0x000000007279a6d0
 Begin Bits: [0x0000000012580000, 0x0000000013518000)
 End Bits:   [0x0000000013518000, 0x00000000144b0000)

Polling page: 0x0000000000230000

CodeCache: size=245760Kb used=7694Kb max_used=7694Kb free=238065Kb
 bounds [0x0000000002930000, 0x00000000030c0000, 0x0000000011930000]
 total_blobs=2532 nmethods=2209 adapters=235
 compilation: enabled

Compilation events (10 events):
Event: 3.965 Thread 0x00000000563b7000 2209       1       org.sonatype.aether.util.DefaultRepositorySystemSession::getUserProperties (5 bytes)
Event: 3.966 Thread 0x00000000563b7000 nmethod 2209 0x00000000030b1a90 code [0x00000000030b1be0, 0x00000000030b1cf0]
Event: 3.966 Thread 0x00000000563b7000 2210       1       org.sonatype.aether.util.DefaultRepositorySystemSession::getSystemProperties (5 bytes)
Event: 3.966 Thread 0x00000000563b7000 nmethod 2210 0x00000000030b17d0 code [0x00000000030b1920, 0x00000000030b1a30]
Event: 3.980 Thread 0x00000000563b7000 2212       3       org.apache.maven.model.building.ModelData::getVersion (17 bytes)
Event: 3.981 Thread 0x00000000563b7000 nmethod 2212 0x00000000030b1450 code [0x00000000030b15a0, 0x00000000030b1750]
Event: 3.981 Thread 0x00000000563b7000 2213       1       org.apache.maven.model.IssueManagement::getUrl (5 bytes)
Event: 3.982 Thread 0x00000000563b7000 nmethod 2213 0x00000000030b8a90 code [0x00000000030b8be0, 0x00000000030b8cf0]
Event: 3.994 Thread 0x00000000563b7000 2214   !   3       java.nio.channels.spi.AbstractInterruptibleChannel::close (37 bytes)
Event: 3.994 Thread 0x00000000563b7000 nmethod 2214 0x00000000030b83d0 code [0x00000000030b8540, 0x00000000030b8988]

GC Heap History (8 events):
Event: 1.115 GC heap before
{Heap before GC invocations=1 (full 0):
 PSYoungGen      total 18944K, used 16384K [0x00000000eb380000, 0x00000000ec880000, 0x0000000100000000)
  eden space 16384K, 100% used [0x00000000eb380000,0x00000000ec380000,0x00000000ec380000)
  from space 2560K, 0% used [0x00000000ec600000,0x00000000ec600000,0x00000000ec880000)
  to   space 2560K, 0% used [0x00000000ec380000,0x00000000ec380000,0x00000000ec600000)
 ParOldGen       total 44032K, used 0K [0x00000000c1a00000, 0x00000000c4500000, 0x00000000eb380000)
  object space 44032K, 0% used [0x00000000c1a00000,0x00000000c1a00000,0x00000000c4500000)
 Metaspace       used 6741K, capacity 6952K, committed 7040K, reserved 1056768K
  class space    used 822K, capacity 892K, committed 896K, reserved 1048576K
Event: 1.149 GC heap after
Heap after GC invocations=1 (full 0):
 PSYoungGen      total 18944K, used 2542K [0x00000000eb380000, 0x00000000ed880000, 0x0000000100000000)
  eden space 16384K, 0% used [0x00000000eb380000,0x00000000eb380000,0x00000000ec380000)
  from space 2560K, 99% used [0x00000000ec380000,0x00000000ec5fb990,0x00000000ec600000)
  to   space 2560K, 0% used [0x00000000ed600000,0x00000000ed600000,0x00000000ed880000)
 ParOldGen       total 44032K, used 883K [0x00000000c1a00000, 0x00000000c4500000, 0x00000000eb380000)
  object space 44032K, 2% used [0x00000000c1a00000,0x00000000c1adccd8,0x00000000c4500000)
 Metaspace       used 6741K, capacity 6952K, committed 7040K, reserved 1056768K
  class space    used 822K, capacity 892K, committed 896K, reserved 1048576K
}
Event: 1.434 GC heap before
{Heap before GC invocations=2 (full 0):
 PSYoungGen      total 18944K, used 18926K [0x00000000eb380000, 0x00000000ed880000, 0x0000000100000000)
  eden space 16384K, 100% used [0x00000000eb380000,0x00000000ec380000,0x00000000ec380000)
  from space 2560K, 99% used [0x00000000ec380000,0x00000000ec5fb990,0x00000000ec600000)
  to   space 2560K, 0% used [0x00000000ed600000,0x00000000ed600000,0x00000000ed880000)
 ParOldGen       total 44032K, used 883K [0x00000000c1a00000, 0x00000000c4500000, 0x00000000eb380000)
  object space 44032K, 2% used [0x00000000c1a00000,0x00000000c1adccd8,0x00000000c4500000)
 Metaspace       used 7693K, capacity 7918K, committed 7936K, reserved 1056768K
  class space    used 967K, capacity 1021K, committed 1024K, reserved 1048576K
Event: 1.440 GC heap after
Heap after GC invocations=2 (full 0):
 PSYoungGen      total 35328K, used 2551K [0x00000000eb380000, 0x00000000ed880000, 0x0000000100000000)
  eden space 32768K, 0% used [0x00000000eb380000,0x00000000eb380000,0x00000000ed380000)
  from space 2560K, 99% used [0x00000000ed600000,0x00000000ed87df68,0x00000000ed880000)
  to   space 2560K, 0% used [0x00000000ed380000,0x00000000ed380000,0x00000000ed600000)
 ParOldGen       total 44032K, used 1228K [0x00000000c1a00000, 0x00000000c4500000, 0x00000000eb380000)
  object space 44032K, 2% used [0x00000000c1a00000,0x00000000c1b331d0,0x00000000c4500000)
 Metaspace       used 7693K, capacity 7918K, committed 7936K, reserved 1056768K
  class space    used 967K, capacity 1021K, committed 1024K, reserved 1048576K
}
Event: 2.586 GC heap before
{Heap before GC invocations=3 (full 0):
 PSYoungGen      total 35328K, used 35319K [0x00000000eb380000, 0x00000000ed880000, 0x0000000100000000)
  eden space 32768K, 100% used [0x00000000eb380000,0x00000000ed380000,0x00000000ed380000)
  from space 2560K, 99% used [0x00000000ed600000,0x00000000ed87df68,0x00000000ed880000)
  to   space 2560K, 0% used [0x00000000ed380000,0x00000000ed380000,0x00000000ed600000)
 ParOldGen       total 44032K, used 1228K [0x00000000c1a00000, 0x00000000c4500000, 0x00000000eb380000)
  object space 44032K, 2% used [0x00000000c1a00000,0x00000000c1b331d0,0x00000000c4500000)
 Metaspace       used 12153K, capacity 12378K, committed 12672K, reserved 1060864K
  class space    used 1491K, capacity 1547K, committed 1664K, reserved 1048576K
Event: 2.633 GC heap after
Heap after GC invocations=3 (full 0):
 PSYoungGen      total 35328K, used 2536K [0x00000000eb380000, 0x00000000ef880000, 0x0000000100000000)
  eden space 32768K, 0% used [0x00000000eb380000,0x00000000eb380000,0x00000000ed380000)
  from space 2560K, 99% used [0x00000000ed380000,0x00000000ed5fa040,0x00000000ed600000)
  to   space 2560K, 0% used [0x00000000ef600000,0x00000000ef600000,0x00000000ef880000)
 ParOldGen       total 44032K, used 7301K [0x00000000c1a00000, 0x00000000c4500000, 0x00000000eb380000)
  object space 44032K, 16% used [0x00000000c1a00000,0x00000000c21216b8,0x00000000c4500000)
 Metaspace       used 12153K, capacity 12378K, committed 12672K, reserved 1060864K
  class space    used 1491K, capacity 1547K, committed 1664K, reserved 1048576K
}
Event: 3.495 GC heap before
{Heap before GC invocations=4 (full 0):
 PSYoungGen      total 35328K, used 35304K [0x00000000eb380000, 0x00000000ef880000, 0x0000000100000000)
  eden space 32768K, 100% used [0x00000000eb380000,0x00000000ed380000,0x00000000ed380000)
  from space 2560K, 99% used [0x00000000ed380000,0x00000000ed5fa040,0x00000000ed600000)
  to   space 2560K, 0% used [0x00000000ef600000,0x00000000ef600000,0x00000000ef880000)
 ParOldGen       total 44032K, used 7301K [0x00000000c1a00000, 0x00000000c4500000, 0x00000000eb380000)
  object space 44032K, 16% used [0x00000000c1a00000,0x00000000c21216b8,0x00000000c4500000)
 Metaspace       used 12693K, capacity 12984K, committed 13184K, reserved 1060864K
  class space    used 1534K, capacity 1616K, committed 1664K, reserved 1048576K
Event: 3.505 GC heap after
Heap after GC invocations=4 (full 0):
 PSYoungGen      total 68096K, used 2536K [0x00000000eb380000, 0x00000000ef880000, 0x0000000100000000)
  eden space 65536K, 0% used [0x00000000eb380000,0x00000000eb380000,0x00000000ef380000)
  from space 2560K, 99% used [0x00000000ef600000,0x00000000ef87a020,0x00000000ef880000)
  to   space 2560K, 0% used [0x00000000ef380000,0x00000000ef380000,0x00000000ef600000)
 ParOldGen       total 44032K, used 9801K [0x00000000c1a00000, 0x00000000c4500000, 0x00000000eb380000)
  object space 44032K, 22% used [0x00000000c1a00000,0x00000000c23926d8,0x00000000c4500000)
 Metaspace       used 12693K, capacity 12984K, committed 13184K, reserved 1060864K
  class space    used 1534K, capacity 1616K, committed 1664K, reserved 1048576K
}

Deoptimization events (10 events):
Event: 3.450 Thread 0x00000000004bf000 Uncommon trap: reason=bimorphic action=maybe_recompile pc=0x0000000002f707d4 method=java.util.regex.Pattern$Curly.match0(Ljava/util/regex/Matcher;IILjava/lang/CharSequence;)Z @ 170
Event: 3.450 Thread 0x00000000004bf000 Uncommon trap: reason=bimorphic action=maybe_recompile pc=0x0000000002f707d4 method=java.util.regex.Pattern$Curly.match0(Ljava/util/regex/Matcher;IILjava/lang/CharSequence;)Z @ 170
Event: 3.450 Thread 0x00000000004bf000 Uncommon trap: reason=bimorphic action=maybe_recompile pc=0x0000000002f707d4 method=java.util.regex.Pattern$Curly.match0(Ljava/util/regex/Matcher;IILjava/lang/CharSequence;)Z @ 170
Event: 3.600 Thread 0x00000000004bf000 Uncommon trap: reason=bimorphic action=maybe_recompile pc=0x0000000002d95128 method=java.util.concurrent.ConcurrentHashMap.get(Ljava/lang/Object;)Ljava/lang/Object; @ 149
Event: 3.604 Thread 0x00000000004bf000 Uncommon trap: reason=bimorphic action=maybe_recompile pc=0x0000000002d95128 method=java.util.concurrent.ConcurrentHashMap.get(Ljava/lang/Object;)Ljava/lang/Object; @ 149
Event: 3.612 Thread 0x00000000004bf000 Uncommon trap: reason=bimorphic action=maybe_recompile pc=0x0000000002d95128 method=java.util.concurrent.ConcurrentHashMap.get(Ljava/lang/Object;)Ljava/lang/Object; @ 149
Event: 3.617 Thread 0x00000000004bf000 Uncommon trap: reason=bimorphic action=maybe_recompile pc=0x0000000002d95128 method=java.util.concurrent.ConcurrentHashMap.get(Ljava/lang/Object;)Ljava/lang/Object; @ 149
Event: 3.832 Thread 0x00000000004bf000 Uncommon trap: reason=speculate_class_check action=maybe_recompile pc=0x0000000002f01630 method=java.nio.charset.CharsetDecoder.decode(Ljava/nio/ByteBuffer;Ljava/nio/CharBuffer;Z)Ljava/nio/charset/CoderResult; @ 57
Event: 3.832 Thread 0x00000000004bf000 Uncommon trap: reason=speculate_class_check action=maybe_recompile pc=0x0000000002f01630 method=java.nio.charset.CharsetDecoder.decode(Ljava/nio/ByteBuffer;Ljava/nio/CharBuffer;Z)Ljava/nio/charset/CoderResult; @ 57
Event: 3.848 Thread 0x00000000004bf000 Uncommon trap: reason=unstable_if action=reinterpret pc=0x0000000002dd444c method=java.util.LinkedHashMap.afterNodeInsertion(Z)V @ 18

Internal exceptions (10 events):
Event: 1.029 Thread 0x00000000004bf000 Exception <a 'java/lang/ArrayIndexOutOfBoundsException'> (0x00000000ec0517d8) thrown at [C:\re\workspace\8-2-build-windows-amd64-cygwin\jdk8u101\7261\hotspot\src\share\vm\runtime\sharedRuntime.cpp, line 605]
Event: 1.280 Thread 0x00000000004bf000 Exception <a 'java/lang/ArrayIndexOutOfBoundsException'> (0x00000000ebf00608) thrown at [C:\re\workspace\8-2-build-windows-amd64-cygwin\jdk8u101\7261\hotspot\src\share\vm\runtime\sharedRuntime.cpp, line 605]
Event: 1.280 Thread 0x00000000004bf000 Exception <a 'java/lang/ArrayIndexOutOfBoundsException'> (0x00000000ebf02950) thrown at [C:\re\workspace\8-2-build-windows-amd64-cygwin\jdk8u101\7261\hotspot\src\share\vm\runtime\sharedRuntime.cpp, line 605]
Event: 1.446 Thread 0x00000000004bf000 Exception <a 'java/lang/NoClassDefFoundError': org/slf4j/Logger> (0x00000000eb3969f0) thrown at [C:\re\workspace\8-2-build-windows-amd64-cygwin\jdk8u101\7261\hotspot\src\share\vm\classfile\systemDictionary.cpp, line 199]
Event: 1.739 Thread 0x00000000004bf000 Exception <a 'java/lang/NoClassDefFoundError': org/slf4j/LoggerFactory> (0x00000000eb66b340) thrown at [C:\re\workspace\8-2-build-windows-amd64-cygwin\jdk8u101\7261\hotspot\src\share\vm\classfile\systemDictionary.cpp, line 199]
Event: 1.740 Thread 0x00000000004bf000 Exception <a 'java/lang/NoClassDefFoundError'> (0x00000000eb66b340) thrown at [C:\re\workspace\8-2-build-windows-amd64-cygwin\jdk8u101\7261\hotspot\src\share\vm\oops\instanceKlass.cpp, line 964]
Event: 2.685 Thread 0x00000000004bf000 Implicit null exception at 0x0000000002cc3845 to 0x0000000002cc3a19
Event: 2.685 Thread 0x00000000004bf000 Implicit null exception at 0x0000000002c3842f to 0x0000000002c38495
Event: 2.792 Thread 0x00000000004bf000 Implicit null exception at 0x0000000002df8e13 to 0x0000000002df9245
Event: 3.409 Thread 0x00000000004bf000 Implicit null exception at 0x0000000002c9f348 to 0x0000000002c9f3d6

Events (10 events):
Event: 3.832 Thread 0x00000000004bf000 DEOPT PACKING pc=0x0000000002f01630 sp=0x000000000292d0c0
Event: 3.832 Thread 0x00000000004bf000 DEOPT UNPACKING pc=0x000000000297582a sp=0x000000000292cfa8 mode 2
Event: 3.832 Thread 0x00000000004bf000 Uncommon trap: trap_request=0xffffff76 fr.pc=0x0000000002f01630
Event: 3.832 Thread 0x00000000004bf000 DEOPT PACKING pc=0x0000000002f01630 sp=0x000000000292cd40
Event: 3.832 Thread 0x00000000004bf000 DEOPT UNPACKING pc=0x000000000297582a sp=0x000000000292cc28 mode 2
Event: 3.848 Thread 0x00000000004bf000 Uncommon trap: trap_request=0xffffff65 fr.pc=0x0000000002dd444c
Event: 3.848 Thread 0x00000000004bf000 DEOPT PACKING pc=0x0000000002dd444c sp=0x000000000292d350
Event: 3.848 Thread 0x00000000004bf000 DEOPT UNPACKING pc=0x000000000297582a sp=0x000000000292d2d8 mode 2
Event: 3.904 loading class org/apache/maven/repository/internal/RelocatedArtifact
Event: 3.904 loading class org/apache/maven/repository/internal/RelocatedArtifact done


Dynamic libraries:
0x000000013f720000 - 0x000000013f757000 	C:\Program Files\Java\jdk1.8.0_101\bin\java.exe
0x00000000777c0000 - 0x0000000077969000 	C:\Windows\SYSTEM32\ntdll.dll
0x00000000776a0000 - 0x00000000777bf000 	C:\Windows\system32\kernel32.dll
0x000007fefda50000 - 0x000007fefdabc000 	C:\Windows\system32\KERNELBASE.dll
0x000007feff430000 - 0x000007feff50b000 	C:\Windows\system32\ADVAPI32.dll
0x000007feff190000 - 0x000007feff22f000 	C:\Windows\system32\msvcrt.dll
0x000007fefe090000 - 0x000007fefe0af000 	C:\Windows\SYSTEM32\sechost.dll
0x000007feff530000 - 0x000007feff65d000 	C:\Windows\system32\RPCRT4.dll
0x00000000775a0000 - 0x000000007769a000 	C:\Windows\system32\USER32.dll
0x000007fefdae0000 - 0x000007fefdb47000 	C:\Windows\system32\GDI32.dll
0x000007fefdb50000 - 0x000007fefdb5e000 	C:\Windows\system32\LPK.dll
0x000007feff330000 - 0x000007feff3f9000 	C:\Windows\system32\USP10.dll
0x000007fefbc50000 - 0x000007fefbe44000 	C:\Windows\WinSxS\amd64_microsoft.windows.common-controls_6595b64144ccf1df_6.0.7601.17514_none_fa396087175ac9ac\COMCTL32.dll
0x000007feff2b0000 - 0x000007feff321000 	C:\Windows\system32\SHLWAPI.dll
0x000007feff400000 - 0x000007feff42e000 	C:\Windows\system32\IMM32.DLL
0x000007feff080000 - 0x000007feff189000 	C:\Windows\system32\MSCTF.dll
0x0000000074540000 - 0x0000000074612000 	C:\Program Files\Java\jdk1.8.0_101\jre\bin\msvcr100.dll
0x0000000071f80000 - 0x000000007281a000 	C:\Program Files\Java\jdk1.8.0_101\jre\bin\server\jvm.dll
0x000007fef5410000 - 0x000007fef5419000 	C:\Windows\system32\WSOCK32.dll
0x000007fefee40000 - 0x000007fefee8d000 	C:\Windows\system32\WS2_32.dll
0x000007feff070000 - 0x000007feff078000 	C:\Windows\system32\NSI.dll
0x000007fefc190000 - 0x000007fefc1cb000 	C:\Windows\system32\WINMM.dll
0x000007fefc870000 - 0x000007fefc87c000 	C:\Windows\system32\VERSION.dll
0x0000000077990000 - 0x0000000077997000 	C:\Windows\system32\PSAPI.DLL
0x0000000074a30000 - 0x0000000074a3f000 	C:\Program Files\Java\jdk1.8.0_101\jre\bin\verify.dll
0x0000000074a00000 - 0x0000000074a29000 	C:\Program Files\Java\jdk1.8.0_101\jre\bin\java.dll
0x00000000748c0000 - 0x00000000748d6000 	C:\Program Files\Java\jdk1.8.0_101\jre\bin\zip.dll
0x000007fefe0b0000 - 0x000007fefee38000 	C:\Windows\system32\SHELL32.dll
0x000007feff8c0000 - 0x000007feffac3000 	C:\Windows\system32\ole32.dll
0x000007fefd710000 - 0x000007fefd71f000 	C:\Windows\system32\profapi.dll
0x000007fefd5e0000 - 0x000007fefd637000 	C:\Windows\system32\apphelp.dll
0x00000000748a0000 - 0x00000000748ba000 	C:\Program Files\Java\jdk1.8.0_101\jre\bin\net.dll
0x000007fefcf80000 - 0x000007fefcfd5000 	C:\Windows\system32\mswsock.dll
0x000007fefcf70000 - 0x000007fefcf77000 	C:\Windows\System32\wship6.dll
0x0000000074880000 - 0x0000000074891000 	C:\Program Files\Java\jdk1.8.0_101\jre\bin\nio.dll

VM Arguments:
jvm_args: -Dclassworlds.conf=C:\Program Files (x86)\NetBeans 8.2\java\maven\bin\m2.conf -Dmaven.home=C:\Program Files (x86)\NetBeans 8.2\java\maven 
java_command: org.codehaus.plexus.classworlds.launcher.Launcher -Dnetbeans.deploy=true -Dnetbeans.deploy.clientUrlPart=/register.jsp -Dmaven.ext.class.path=C:\Program Files (x86)\NetBeans 8.2\java\maven-nblib\netbeans-eventspy.jar -Dfile.encoding=UTF-8 package
java_class_path (initial): C:\Program Files (x86)\NetBeans 8.2\java\maven\boot\plexus-classworlds-2.4.jar
Launcher Type: SUN_STANDARD

Environment Variables:
JAVA_HOME=C:\Program Files\Java\jdk1.8.0_101
PATH=C:\ProgramData\Oracle\Java\javapath;C:\Windows\system32;C:\Windows;C:\Windows\System32\Wbem;C:\Windows\System32\WindowsPowerShell\v1.0;c:\Python35-32;C:\Users\Administrator\AppData\Local\Programs\Python\Python35-32\Scripts\;C:\Users\Administrator\AppData\Local\Programs\Python\Python35-32\
USERNAME=Administrator
OS=Windows_NT
PROCESSOR_IDENTIFIER=Intel64 Family 6 Model 69 Stepping 1, GenuineIntel



---------------  S Y S T E M  ---------------

OS: Windows 7 , 64 bit Build 7601 (6.1.7601.18409)

CPU:total 4 (2 cores per cpu, 2 threads per core) family 6 model 69 stepping 1, cmov, cx8, fxsr, mmx, sse, sse2, sse3, ssse3, sse4.1, sse4.2, popcnt, avx, avx2, aes, clmul, erms, lzcnt, ht, tsc, tscinvbit, bmi1, bmi2

Memory: 4k page, physical 4079984k(785036k free), swap 6175280k(5992k free)

vm_info: Java HotSpot(TM) 64-Bit Server VM (25.101-b13) for windows-amd64 JRE (1.8.0_101-b13), built on Jun 22 2016 01:21:29 by "java_re" with MS VC++ 10.0 (VS2010)

time: Wed Oct 19 20:14:12 2016
elapsed time: 4 seconds (0d 0h 0m 4s)

